<?xml version="1.0" encoding="UTF-8"?>
<!-- Generated by org.testng.reporters.JUnitReportReporter -->
<testsuite skipped="0" hostname="PDCDT01GY4ZVQ1" name="com.amazon.testpage.LoginTest" tests="3" failures="0" timestamp="2020-02-11T07:25:21 GMT" time="32.398" errors="0">
  <testcase name="ScenarioFour" time="1.614" classname="com.amazon.testpage.LoginTest"/>
  <system-out/>
  <testcase name="ScenarioFive" time="4.725" classname="com.amazon.testpage.LoginTest"/>
  <system-out/>
  <testcase name="ScenarioOne" time="26.059" classname="com.amazon.testpage.LoginTest"/>
  <system-out/>
</testsuite> <!-- com.amazon.testpage.LoginTest -->
