<?xml version="1.0" encoding="UTF-8"?>
<!-- Generated by org.testng.reporters.JUnitReportReporter -->
<testsuite skipped="0" hostname="PDCDT01GY4ZVQ1" name="com.amazon.testpage.LoginTest" tests="7" failures="0" timestamp="2020-01-30T09:26:27 GMT" time="87.515" errors="0">
  <testcase name="ScenarioThree" time="14.081" classname="com.amazon.testpage.LoginTest"/>
  <system-out/>
  <testcase name="ScenarioSix" time="23.076" classname="com.amazon.testpage.LoginTest"/>
  <system-out/>
  <testcase name="ScenarioSeven" time="5.633" classname="com.amazon.testpage.LoginTest"/>
  <system-out/>
  <testcase name="ScenarioTwo" time="3.142" classname="com.amazon.testpage.LoginTest"/>
  <system-out/>
  <testcase name="ScenarioFive" time="11.245" classname="com.amazon.testpage.LoginTest"/>
  <system-out/>
  <testcase name="ScenarioFour" time="1.396" classname="com.amazon.testpage.LoginTest"/>
  <system-out/>
  <testcase name="ScenarioOne" time="28.942" classname="com.amazon.testpage.LoginTest"/>
  <system-out/>
</testsuite> <!-- com.amazon.testpage.LoginTest -->
