<?xml version="1.0" encoding="UTF-8"?>
<!-- Generated by org.testng.reporters.JUnitReportReporter -->
<testsuite skipped="0" hostname="PDCDT01GY4ZVQ1" name="com.amazon.testpage.RegistrationTest" tests="2" failures="0" timestamp="2020-02-11T07:25:21 GMT" time="39.134" errors="0">
  <testcase name="ScenarioOne" time="33.217" classname="com.amazon.testpage.RegistrationTest"/>
  <system-out/>
  <testcase name="ScenarioFour" time="5.917" classname="com.amazon.testpage.RegistrationTest"/>
  <system-out/>
</testsuite> <!-- com.amazon.testpage.RegistrationTest -->
